<?xml version="1.0" encoding="UTF-8"?>
<!-- Generated by org.testng.reporters.JUnitReportReporter -->
<testsuite hostname="Supto" failures="0" tests="6" name="ui.LoginTest" time="0.017" errors="0" timestamp="2022-02-18T01:22:38 BDT" skipped="0">
  <testcase classname="ui.LoginTest" name="csignupTest" time="0.004"/>
  <system-out/>
  <testcase classname="ui.LoginTest" name="csignupTest" time="0.004"/>
  <system-out/>
  <testcase classname="ui.LoginTest" name="bloginTest" time="0.001"/>
  <system-out/>
  <testcase classname="ui.LoginTest" name="bloginTest" time="0.003"/>
  <system-out/>
  <testcase classname="ui.LoginTest" name="alogoutTest" time="0.002"/>
  <system-out/>
  <testcase classname="ui.LoginTest" name="alogoutTest" time="0.003"/>
  <system-out/>
</testsuite> <!-- ui.LoginTest -->
