<?xml version="1.0" encoding="UTF-8"?>
<!-- Generated by org.testng.reporters.JUnitReportReporter -->
<testsuite hostname="Supto" failures="0" tests="2" name="ui.DataProviderDemoTest" time="0.009" errors="0" timestamp="2022-02-18T20:13:18 BDT" skipped="0">
  <testcase classname="ui.DataProviderDemoTest" name="loginTest1" time="0.007"/>
  <system-out/>
  <testcase classname="ui.DataProviderDemoTest" name="loginTest1" time="0.002"/>
  <system-out/>
</testsuite> <!-- ui.DataProviderDemoTest -->
