<?xml version="1.0" encoding="UTF-8"?>
<!-- Generated by org.testng.reporters.JUnitReportReporter -->
<testsuite hostname="Supto" failures="0" tests="4" name="ui.ReportsTest" time="17.224" errors="0" timestamp="2022-02-21T01:03:20 BDT" skipped="0">
  <testcase classname="ui.ReportsTest" name="reporterTest3" time="0.001"/>
  <system-out>
    <![CDATA[Method name is - reporterTest3
Status of execution is 1]]>
  </system-out>
  <testcase classname="ui.ReportsTest" name="reporterTest1" time="17.218"/>
  <system-out>
    <![CDATA[Method name is - reporterTest1
Status of execution is 1]]>
  </system-out>
  <testcase classname="ui.ReportsTest" name="reporterTest2" time="0.002"/>
  <system-out>
    <![CDATA[Method name is - reporterTest2
This is test2
Status of execution is 1]]>
  </system-out>
  <testcase classname="ui.ReportsTest" name="reporterTest4" time="0.003"/>
  <system-out>
    <![CDATA[Method name is - reporterTest4
Status of execution is 1]]>
  </system-out>
</testsuite> <!-- ui.ReportsTest -->
