<?xml version="1.0" encoding="UTF-8"?>
<!-- Generated by org.testng.reporters.JUnitReportReporter -->
<testsuite hostname="Supto" failures="0" tests="1" name="ui.ExtentReportGenerate" time="0.527" errors="0" timestamp="22 Feb 2022 09:54:07 GMT">
  <testcase classname="ui.ExtentReportGenerate" name="extentTest" time="0.527"/>
</testsuite> <!-- ui.ExtentReportGenerate -->
