<?xml version="1.0" encoding="UTF-8"?>
<!-- Generated by org.testng.reporters.JUnitReportReporter -->
<testsuite hostname="Supto" failures="0" tests="5" name="ui.GroupDemoTest" time="0.011" errors="0" timestamp="2022-02-18T12:49:19 BDT" skipped="0">
  <testcase classname="ui.GroupDemoTest" name="bTest1" time="0.006"/>
  <system-out/>
  <testcase classname="ui.GroupDemoTest" name="csignupTest" time="0.001"/>
  <system-out/>
  <testcase classname="ui.GroupDemoTest" name="bTest2" time="0.001"/>
  <system-out/>
  <testcase classname="ui.GroupDemoTest" name="bloginTest" time="0.001"/>
  <system-out/>
  <testcase classname="ui.GroupDemoTest" name="alogoutTest" time="0.002"/>
  <system-out/>
</testsuite> <!-- ui.GroupDemoTest -->
