<?xml version="1.0" encoding="UTF-8"?>
<!-- Generated by org.testng.reporters.JUnitReportReporter -->
<testsuite hostname="Supto" failures="0" tests="1" name="ui.VerifyTitleAndTextTest" time="6.781" errors="0" timestamp="2022-02-18T01:22:38 BDT" skipped="0">
  <testcase classname="ui.VerifyTitleAndTextTest" name="titleTest" time="6.781"/>
  <system-out/>
</testsuite> <!-- ui.VerifyTitleAndTextTest -->
