<?xml version="1.0" encoding="UTF-8"?>
<!-- Generated by org.testng.reporters.JUnitReportReporter -->
<testsuite hostname="Supto" failures="0" tests="4" name="ui.DataProviderTestOnWebsite" time="32.334" errors="0" timestamp="2022-02-18T21:35:32 BDT" skipped="0">
  <testcase classname="ui.DataProviderTestOnWebsite" name="loginTest1" time="9.241"/>
  <system-out/>
  <testcase classname="ui.DataProviderTestOnWebsite" name="loginTest1" time="5.819"/>
  <system-out/>
  <testcase classname="ui.DataProviderTestOnWebsite" name="loginTest1" time="10.616"/>
  <system-out/>
  <testcase classname="ui.DataProviderTestOnWebsite" name="loginTest1" time="6.658"/>
  <system-out/>
</testsuite> <!-- ui.DataProviderTestOnWebsite -->
