<?xml version="1.0" encoding="UTF-8"?>
<!-- Generated by org.testng.reporters.JUnitReportReporter -->
<testsuite hostname="Supto" failures="0" tests="1" name="ui.VeriftyTitleTest" time="7.025" errors="0" timestamp="2022-02-18T01:22:38 BDT" skipped="0">
  <testcase classname="ui.VeriftyTitleTest" name="titleTest" time="7.025"/>
  <system-out/>
</testsuite> <!-- ui.VeriftyTitleTest -->
