<?xml version="1.0" encoding="UTF-8"?>
<!-- Generated by org.testng.reporters.JUnitReportReporter -->
<testsuite hostname="Supto" failures="0" tests="5" name="ui.GroupDemoTest2" time="0.013" errors="0" timestamp="2022-02-18T14:02:14 BDT" skipped="0">
  <testcase classname="ui.GroupDemoTest2" name="bTest1" time="0.007"/>
  <system-out/>
  <testcase classname="ui.GroupDemoTest2" name="bTest2" time="0.001"/>
  <system-out/>
  <testcase classname="ui.GroupDemoTest2" name="csignupTest" time="0.002"/>
  <system-out/>
  <testcase classname="ui.GroupDemoTest2" name="bloginTest" time="0.002"/>
  <system-out/>
  <testcase classname="ui.GroupDemoTest2" name="alogoutTest" time="0.001"/>
  <system-out/>
</testsuite> <!-- ui.GroupDemoTest2 -->
