<?xml version="1.0" encoding="UTF-8"?>
<!-- Generated by org.testng.reporters.JUnitReportReporter -->
<testsuite hostname="Supto" failures="0" tests="3" name="ui.SkipDemoTest" time="0.009" errors="0" timestamp="2022-02-18T11:59:46 BDT" skipped="3">
  <testcase classname="ui.SkipDemoTest" name="skip2" time="0.008">
    <skipped/>
  </testcase> <!-- skip2 -->
  <system-out/>
  <testcase classname="ui.SkipDemoTest" name="skip3" time="0.001">
    <skipped/>
  </testcase> <!-- skip3 -->
  <system-out/>
  <testcase classname="ui.SkipDemoTest" name="skip1">
    <skipped/>
  </testcase> <!-- skip1 -->
  <system-out/>
</testsuite> <!-- ui.SkipDemoTest -->
