<?xml version="1.0" encoding="UTF-8"?>
<!-- Generated by org.testng.reporters.JUnitReportReporter -->
<testsuite hostname="Supto" failures="0" tests="1" name="ui.LoginTestDemo" time="7.218" errors="0" timestamp="2022-02-20T13:37:35 BDT" skipped="0">
  <testcase classname="ui.LoginTestDemo" name="loginTest" time="7.218"/>
  <system-out/>
</testsuite> <!-- ui.LoginTestDemo -->
