<?xml version="1.0" encoding="UTF-8"?>
<!-- Generated by org.testng.reporters.JUnitReportReporter -->
<testsuite hostname="Supto" failures="0" tests="4" name="ui.DataProviderDemo" time="0.012" errors="0" timestamp="2022-02-18T22:01:01 BDT" skipped="0">
  <testcase classname="ui.DataProviderDemo" name="loginTest" time="0.001"/>
  <system-out/>
  <testcase classname="ui.DataProviderDemo" name="loginTest1" time="0.001"/>
  <system-out/>
  <testcase classname="ui.DataProviderDemo" name="loginTest1" time="0.001"/>
  <system-out/>
  <testcase classname="ui.DataProviderDemo" name="loginTest" time="0.009"/>
  <system-out/>
</testsuite> <!-- ui.DataProviderDemo -->
