<?xml version="1.0" encoding="UTF-8"?>
<!-- Generated by org.testng.reporters.JUnitReportReporter -->
<testsuite hostname="Supto" failures="0" tests="1" name="ui.LoginTestDemo" time="4.793" errors="0" timestamp="2022-02-19T00:10:55 BDT" skipped="0">
  <testcase classname="ui.LoginTestDemo" name="loginTest" time="4.793"/>
  <system-out/>
</testsuite> <!-- ui.LoginTestDemo -->
